{"/Users/abhishek.shinde01/Documents/assignment_node/src/app.js": {"path":"/Users/abhishek.shinde01/Documents/assignment_node/src/app.js","statementMap":{"0":{"start":{"line":1,"column":16},"end":{"line":1,"column":34}},"1":{"start":{"line":2,"column":18},"end":{"line":2,"column":47}},"2":{"start":{"line":3,"column":20},"end":{"line":3,"column":40}},"3":{"start":{"line":5,"column":12},"end":{"line":5,"column":21}},"4":{"start":{"line":6,"column":18},"end":{"line":6,"column":44}},"5":{"start":{"line":8,"column":0},"end":{"line":8,"column":23}},"6":{"start":{"line":9,"column":0},"end":{"line":9,"column":68}},"7":{"start":{"line":10,"column":0},"end":{"line":10,"column":31}},"8":{"start":{"line":12,"column":0},"end":{"line":12,"column":21}}},"fnMap":{},"branchMap":{},"s":{"0":1,"1":1,"2":1,"3":1,"4":1,"5":1,"6":1,"7":1,"8":1},"f":{},"b":{},"_coverageSchema":"1a1c01bbd47fc00a2c39e90264f33305004495a9","hash":"2f366e798b87e3d065e068272bbc845b493264d6"}
,"/Users/abhishek.shinde01/Documents/assignment_node/src/swagger.js": {"path":"/Users/abhishek.shinde01/Documents/assignment_node/src/swagger.js","statementMap":{"0":{"start":{"line":1,"column":21},"end":{"line":1,"column":45}},"1":{"start":{"line":2,"column":13},"end":{"line":2,"column":28}},"2":{"start":{"line":3,"column":16},"end":{"line":18,"column":1}},"3":{"start":{"line":20,"column":0},"end":{"line":20,"column":39}}},"fnMap":{},"branchMap":{},"s":{"0":1,"1":1,"2":1,"3":1},"f":{},"b":{},"_coverageSchema":"1a1c01bbd47fc00a2c39e90264f33305004495a9","hash":"a165fbfcd316b21630ddef42757b79d1ba817ff9"}
,"/Users/abhishek.shinde01/Documents/assignment_node/src/config/db.js": {"path":"/Users/abhishek.shinde01/Documents/assignment_node/src/config/db.js","statementMap":{"0":{"start":{"line":15,"column":22},"end":{"line":15,"column":42}},"1":{"start":{"line":16,"column":0},"end":{"line":16,"column":27}},"2":{"start":{"line":19,"column":18},"end":{"line":31,"column":1}},"3":{"start":{"line":33,"column":0},"end":{"line":33,"column":27}}},"fnMap":{},"branchMap":{},"s":{"0":1,"1":1,"2":1,"3":1},"f":{},"b":{},"_coverageSchema":"1a1c01bbd47fc00a2c39e90264f33305004495a9","hash":"acd12b70b71ec664376416d70667dee367a1a442"}
,"/Users/abhishek.shinde01/Documents/assignment_node/src/controllers/controller.js": {"path":"/Users/abhishek.shinde01/Documents/assignment_node/src/controllers/controller.js","statementMap":{"0":{"start":{"line":1,"column":39},"end":{"line":1,"column":65}},"1":{"start":{"line":2,"column":18},"end":{"line":2,"column":41}},"2":{"start":{"line":4,"column":0},"end":{"line":7,"column":2}},"3":{"start":{"line":5,"column":2},"end":{"line":5,"column":34}},"4":{"start":{"line":6,"column":2},"end":{"line":6,"column":68}},"5":{"start":{"line":9,"column":0},"end":{"line":12,"column":2}},"6":{"start":{"line":10,"column":19},"end":{"line":10,"column":43}},"7":{"start":{"line":11,"column":2},"end":{"line":11,"column":21}},"8":{"start":{"line":14,"column":0},"end":{"line":17,"column":2}},"9":{"start":{"line":15,"column":19},"end":{"line":15,"column":57}},"10":{"start":{"line":16,"column":2},"end":{"line":16,"column":21}},"11":{"start":{"line":19,"column":0},"end":{"line":29,"column":2}},"12":{"start":{"line":20,"column":24},"end":{"line":22,"column":4}},"13":{"start":{"line":24,"column":2},"end":{"line":26,"column":3}},"14":{"start":{"line":25,"column":4},"end":{"line":25,"column":67}},"15":{"start":{"line":28,"column":2},"end":{"line":28,"column":57}},"16":{"start":{"line":31,"column":0},"end":{"line":41,"column":2}},"17":{"start":{"line":32,"column":22},"end":{"line":34,"column":4}},"18":{"start":{"line":36,"column":2},"end":{"line":38,"column":3}},"19":{"start":{"line":37,"column":4},"end":{"line":37,"column":67}},"20":{"start":{"line":40,"column":2},"end":{"line":40,"column":57}},"21":{"start":{"line":44,"column":0},"end":{"line":70,"column":2}},"22":{"start":{"line":45,"column":22},"end":{"line":45,"column":51}},"23":{"start":{"line":47,"column":2},"end":{"line":69,"column":3}},"24":{"start":{"line":48,"column":21},"end":{"line":55,"column":5}},"25":{"start":{"line":57,"column":20},"end":{"line":63,"column":5}},"26":{"start":{"line":64,"column":4},"end":{"line":64,"column":31}},"27":{"start":{"line":65,"column":4},"end":{"line":65,"column":84}},"28":{"start":{"line":67,"column":4},"end":{"line":67,"column":33}},"29":{"start":{"line":68,"column":4},"end":{"line":68,"column":60}},"30":{"start":{"line":73,"column":0},"end":{"line":81,"column":2}},"31":{"start":{"line":74,"column":18},"end":{"line":76,"column":4}},"32":{"start":{"line":77,"column":2},"end":{"line":79,"column":3}},"33":{"start":{"line":78,"column":4},"end":{"line":78,"column":66}},"34":{"start":{"line":80,"column":2},"end":{"line":80,"column":20}},"35":{"start":{"line":85,"column":0},"end":{"line":111,"column":2}},"36":{"start":{"line":86,"column":2},"end":{"line":110,"column":3}},"37":{"start":{"line":87,"column":17},"end":{"line":87,"column":46}},"38":{"start":{"line":88,"column":18},"end":{"line":88,"column":48}},"39":{"start":{"line":89,"column":19},"end":{"line":89,"column":37}},"40":{"start":{"line":91,"column":28},"end":{"line":100,"column":6}},"41":{"start":{"line":102,"column":4},"end":{"line":107,"column":7}},"42":{"start":{"line":109,"column":4},"end":{"line":109,"column":60}},"43":{"start":{"line":114,"column":0},"end":{"line":124,"column":2}},"44":{"start":{"line":115,"column":2},"end":{"line":123,"column":3}},"45":{"start":{"line":116,"column":20},"end":{"line":118,"column":6}},"46":{"start":{"line":119,"column":4},"end":{"line":119,"column":34}},"47":{"start":{"line":120,"column":4},"end":{"line":120,"column":58}},"48":{"start":{"line":122,"column":4},"end":{"line":122,"column":60}},"49":{"start":{"line":126,"column":0},"end":{"line":141,"column":2}},"50":{"start":{"line":127,"column":2},"end":{"line":140,"column":3}},"51":{"start":{"line":128,"column":38},"end":{"line":128,"column":46}},"52":{"start":{"line":130,"column":21},"end":{"line":130,"column":56}},"53":{"start":{"line":131,"column":20},"end":{"line":131,"column":53}},"54":{"start":{"line":133,"column":4},"end":{"line":135,"column":5}},"55":{"start":{"line":134,"column":6},"end":{"line":134,"column":80}},"56":{"start":{"line":136,"column":4},"end":{"line":136,"column":39}},"57":{"start":{"line":137,"column":4},"end":{"line":137,"column":58}},"58":{"start":{"line":139,"column":4},"end":{"line":139,"column":60}},"59":{"start":{"line":144,"column":0},"end":{"line":156,"column":2}},"60":{"start":{"line":145,"column":2},"end":{"line":155,"column":3}},"61":{"start":{"line":146,"column":21},"end":{"line":148,"column":6}},"62":{"start":{"line":149,"column":4},"end":{"line":151,"column":5}},"63":{"start":{"line":150,"column":6},"end":{"line":150,"column":69}},"64":{"start":{"line":152,"column":4},"end":{"line":152,"column":23}},"65":{"start":{"line":154,"column":4},"end":{"line":154,"column":60}},"66":{"start":{"line":159,"column":0},"end":{"line":171,"column":2}},"67":{"start":{"line":160,"column":12},"end":{"line":160,"column":41}},"68":{"start":{"line":161,"column":2},"end":{"line":170,"column":3}},"69":{"start":{"line":162,"column":4},"end":{"line":164,"column":6}},"70":{"start":{"line":163,"column":38},"end":{"line":163,"column":78}},"71":{"start":{"line":165,"column":4},"end":{"line":165,"column":21}},"72":{"start":{"line":166,"column":4},"end":{"line":166,"column":76}},"73":{"start":{"line":168,"column":4},"end":{"line":168,"column":23}},"74":{"start":{"line":169,"column":4},"end":{"line":169,"column":49}},"75":{"start":{"line":173,"column":0},"end":{"line":183,"column":2}},"76":{"start":{"line":174,"column":2},"end":{"line":182,"column":3}},"77":{"start":{"line":175,"column":21},"end":{"line":175,"column":59}},"78":{"start":{"line":176,"column":4},"end":{"line":178,"column":5}},"79":{"start":{"line":177,"column":6},"end":{"line":177,"column":69}},"80":{"start":{"line":179,"column":4},"end":{"line":179,"column":23}},"81":{"start":{"line":181,"column":4},"end":{"line":181,"column":60}}},"fnMap":{"0":{"name":"(anonymous_0)","decl":{"start":{"line":4,"column":24},"end":{"line":4,"column":25}},"loc":{"start":{"line":4,"column":44},"end":{"line":7,"column":1}},"line":4},"1":{"name":"(anonymous_1)","decl":{"start":{"line":9,"column":24},"end":{"line":9,"column":25}},"loc":{"start":{"line":9,"column":44},"end":{"line":12,"column":1}},"line":9},"2":{"name":"(anonymous_2)","decl":{"start":{"line":14,"column":25},"end":{"line":14,"column":26}},"loc":{"start":{"line":14,"column":45},"end":{"line":17,"column":1}},"line":14},"3":{"name":"(anonymous_3)","decl":{"start":{"line":19,"column":28},"end":{"line":19,"column":29}},"loc":{"start":{"line":19,"column":48},"end":{"line":29,"column":1}},"line":19},"4":{"name":"(anonymous_4)","decl":{"start":{"line":31,"column":28},"end":{"line":31,"column":29}},"loc":{"start":{"line":31,"column":48},"end":{"line":41,"column":1}},"line":31},"5":{"name":"(anonymous_5)","decl":{"start":{"line":44,"column":31},"end":{"line":44,"column":32}},"loc":{"start":{"line":44,"column":51},"end":{"line":70,"column":1}},"line":44},"6":{"name":"(anonymous_6)","decl":{"start":{"line":73,"column":33},"end":{"line":73,"column":34}},"loc":{"start":{"line":73,"column":53},"end":{"line":81,"column":1}},"line":73},"7":{"name":"(anonymous_7)","decl":{"start":{"line":85,"column":38},"end":{"line":85,"column":39}},"loc":{"start":{"line":85,"column":58},"end":{"line":111,"column":1}},"line":85},"8":{"name":"(anonymous_8)","decl":{"start":{"line":114,"column":24},"end":{"line":114,"column":25}},"loc":{"start":{"line":114,"column":44},"end":{"line":124,"column":1}},"line":114},"9":{"name":"(anonymous_9)","decl":{"start":{"line":126,"column":34},"end":{"line":126,"column":35}},"loc":{"start":{"line":126,"column":54},"end":{"line":141,"column":1}},"line":126},"10":{"name":"(anonymous_10)","decl":{"start":{"line":144,"column":34},"end":{"line":144,"column":35}},"loc":{"start":{"line":144,"column":54},"end":{"line":156,"column":1}},"line":144},"11":{"name":"(anonymous_11)","decl":{"start":{"line":159,"column":34},"end":{"line":159,"column":35}},"loc":{"start":{"line":159,"column":54},"end":{"line":171,"column":1}},"line":159},"12":{"name":"(anonymous_12)","decl":{"start":{"line":163,"column":29},"end":{"line":163,"column":30}},"loc":{"start":{"line":163,"column":38},"end":{"line":163,"column":78}},"line":163},"13":{"name":"(anonymous_13)","decl":{"start":{"line":173,"column":28},"end":{"line":173,"column":29}},"loc":{"start":{"line":173,"column":48},"end":{"line":183,"column":1}},"line":173}},"branchMap":{"0":{"loc":{"start":{"line":24,"column":2},"end":{"line":26,"column":3}},"type":"if","locations":[{"start":{"line":24,"column":2},"end":{"line":26,"column":3}},{"start":{},"end":{}}],"line":24},"1":{"loc":{"start":{"line":36,"column":2},"end":{"line":38,"column":3}},"type":"if","locations":[{"start":{"line":36,"column":2},"end":{"line":38,"column":3}},{"start":{},"end":{}}],"line":36},"2":{"loc":{"start":{"line":77,"column":2},"end":{"line":79,"column":3}},"type":"if","locations":[{"start":{"line":77,"column":2},"end":{"line":79,"column":3}},{"start":{},"end":{}}],"line":77},"3":{"loc":{"start":{"line":87,"column":17},"end":{"line":87,"column":46}},"type":"binary-expr","locations":[{"start":{"line":87,"column":17},"end":{"line":87,"column":41}},{"start":{"line":87,"column":45},"end":{"line":87,"column":46}}],"line":87},"4":{"loc":{"start":{"line":88,"column":18},"end":{"line":88,"column":48}},"type":"binary-expr","locations":[{"start":{"line":88,"column":18},"end":{"line":88,"column":43}},{"start":{"line":88,"column":47},"end":{"line":88,"column":48}}],"line":88},"5":{"loc":{"start":{"line":133,"column":4},"end":{"line":135,"column":5}},"type":"if","locations":[{"start":{"line":133,"column":4},"end":{"line":135,"column":5}},{"start":{},"end":{}}],"line":133},"6":{"loc":{"start":{"line":133,"column":8},"end":{"line":133,"column":29}},"type":"binary-expr","locations":[{"start":{"line":133,"column":8},"end":{"line":133,"column":17}},{"start":{"line":133,"column":21},"end":{"line":133,"column":29}}],"line":133},"7":{"loc":{"start":{"line":149,"column":4},"end":{"line":151,"column":5}},"type":"if","locations":[{"start":{"line":149,"column":4},"end":{"line":151,"column":5}},{"start":{},"end":{}}],"line":149},"8":{"loc":{"start":{"line":176,"column":4},"end":{"line":178,"column":5}},"type":"if","locations":[{"start":{"line":176,"column":4},"end":{"line":178,"column":5}},{"start":{},"end":{}}],"line":176}},"s":{"0":1,"1":1,"2":1,"3":1,"4":1,"5":1,"6":1,"7":1,"8":1,"9":1,"10":1,"11":1,"12":2,"13":2,"14":1,"15":1,"16":1,"17":2,"18":2,"19":1,"20":1,"21":1,"22":2,"23":2,"24":2,"25":1,"26":1,"27":1,"28":1,"29":1,"30":1,"31":1,"32":1,"33":1,"34":0,"35":1,"36":1,"37":1,"38":1,"39":1,"40":1,"41":1,"42":0,"43":1,"44":1,"45":1,"46":1,"47":1,"48":1,"49":1,"50":1,"51":1,"52":1,"53":1,"54":1,"55":0,"56":1,"57":1,"58":0,"59":1,"60":1,"61":1,"62":1,"63":0,"64":1,"65":0,"66":1,"67":2,"68":2,"69":2,"70":4,"71":1,"72":1,"73":1,"74":1,"75":1,"76":2,"77":2,"78":2,"79":1,"80":1,"81":0},"f":{"0":1,"1":1,"2":1,"3":2,"4":2,"5":2,"6":1,"7":1,"8":1,"9":1,"10":1,"11":2,"12":4,"13":2},"b":{"0":[1,1],"1":[1,1],"2":[1,0],"3":[1,1],"4":[1,1],"5":[0,1],"6":[1,1],"7":[0,1],"8":[1,1]},"_coverageSchema":"1a1c01bbd47fc00a2c39e90264f33305004495a9","hash":"a41616cf9e607e7d827f8f73299bfd6e52ee69b8"}
,"/Users/abhishek.shinde01/Documents/assignment_node/src/models/model.js": {"path":"/Users/abhishek.shinde01/Documents/assignment_node/src/models/model.js","statementMap":{"0":{"start":{"line":1,"column":22},"end":{"line":1,"column":42}},"1":{"start":{"line":2,"column":18},"end":{"line":2,"column":41}},"2":{"start":{"line":4,"column":17},"end":{"line":31,"column":1}},"3":{"start":{"line":33,"column":16},"end":{"line":48,"column":1}},"4":{"start":{"line":50,"column":16},"end":{"line":55,"column":2}},"5":{"start":{"line":58,"column":0},"end":{"line":58,"column":76}},"6":{"start":{"line":59,"column":0},"end":{"line":59,"column":58}},"7":{"start":{"line":61,"column":0},"end":{"line":61,"column":65}},"8":{"start":{"line":62,"column":0},"end":{"line":62,"column":65}},"9":{"start":{"line":64,"column":0},"end":{"line":64,"column":48}}},"fnMap":{},"branchMap":{},"s":{"0":1,"1":1,"2":1,"3":1,"4":1,"5":1,"6":1,"7":1,"8":1,"9":1},"f":{},"b":{},"_coverageSchema":"1a1c01bbd47fc00a2c39e90264f33305004495a9","hash":"7b9d5e4ffb9b068fb57e2fa9f0db73b639502b07"}
,"/Users/abhishek.shinde01/Documents/assignment_node/src/routes/routes.js": {"path":"/Users/abhishek.shinde01/Documents/assignment_node/src/routes/routes.js","statementMap":{"0":{"start":{"line":1,"column":16},"end":{"line":1,"column":34}},"1":{"start":{"line":2,"column":14},"end":{"line":2,"column":30}},"2":{"start":{"line":3,"column":19},"end":{"line":3,"column":55}},"3":{"start":{"line":34,"column":0},"end":{"line":34,"column":63}},"4":{"start":{"line":58,"column":0},"end":{"line":58,"column":66}},"5":{"start":{"line":79,"column":0},"end":{"line":79,"column":63}},"6":{"start":{"line":99,"column":0},"end":{"line":99,"column":69}},"7":{"start":{"line":118,"column":0},"end":{"line":118,"column":69}},"8":{"start":{"line":136,"column":0},"end":{"line":136,"column":49}},"9":{"start":{"line":157,"column":0},"end":{"line":157,"column":65}},"10":{"start":{"line":175,"column":0},"end":{"line":175,"column":71}},"11":{"start":{"line":195,"column":0},"end":{"line":195,"column":42}},"12":{"start":{"line":207,"column":0},"end":{"line":207,"column":41}},"13":{"start":{"line":225,"column":0},"end":{"line":225,"column":45}},"14":{"start":{"line":249,"column":0},"end":{"line":249,"column":48}},"15":{"start":{"line":267,"column":0},"end":{"line":267,"column":51}},"16":{"start":{"line":269,"column":0},"end":{"line":269,"column":23}}},"fnMap":{},"branchMap":{},"s":{"0":1,"1":1,"2":1,"3":1,"4":1,"5":1,"6":1,"7":1,"8":1,"9":1,"10":1,"11":1,"12":1,"13":1,"14":1,"15":1,"16":1},"f":{},"b":{},"_coverageSchema":"1a1c01bbd47fc00a2c39e90264f33305004495a9","hash":"279e746cec41e819bafad19343f80a486828e6b7"}
}
