TN:
SF:src/app.js
FNF:0
FNH:0
DA:1,1
DA:2,1
DA:3,1
DA:5,1
DA:6,1
DA:8,1
LF:6
LH:6
BRF:0
BRH:0
end_of_record
TN:
SF:src/config/db.js
FNF:0
FNH:0
DA:1,1
DA:3,1
DA:10,1
LF:3
LH:3
BRF:0
BRH:0
end_of_record
TN:
SF:src/controllers/controller.js
FN:4,(anonymous_0)
FN:9,(anonymous_1)
FN:14,(anonymous_2)
FN:19,(anonymous_3)
FN:31,(anonymous_4)
FN:44,(anonymous_5)
FN:73,(anonymous_6)
FN:85,(anonymous_7)
FN:115,(anonymous_8)
FN:122,(anonymous_9)
FN:138,(anonymous_10)
FN:156,(anonymous_11)
FN:160,(anonymous_12)
FN:172,(anonymous_13)
FNF:14
FNH:14
FNDA:1,(anonymous_0)
FNDA:1,(anonymous_1)
FNDA:1,(anonymous_2)
FNDA:2,(anonymous_3)
FNDA:2,(anonymous_4)
FNDA:2,(anonymous_5)
FNDA:1,(anonymous_6)
FNDA:1,(anonymous_7)
FNDA:1,(anonymous_8)
FNDA:1,(anonymous_9)
FNDA:1,(anonymous_10)
FNDA:2,(anonymous_11)
FNDA:4,(anonymous_12)
FNDA:2,(anonymous_13)
DA:1,1
DA:2,1
DA:4,1
DA:5,1
DA:6,1
DA:9,1
DA:10,1
DA:11,1
DA:14,1
DA:15,1
DA:16,1
DA:19,1
DA:20,2
DA:24,2
DA:25,1
DA:28,1
DA:31,1
DA:32,2
DA:36,2
DA:37,1
DA:40,1
DA:44,1
DA:45,2
DA:47,2
DA:48,2
DA:57,1
DA:64,1
DA:65,1
DA:67,1
DA:68,1
DA:73,1
DA:74,1
DA:77,1
DA:78,1
DA:80,0
DA:85,1
DA:86,1
DA:87,1
DA:88,1
DA:89,1
DA:91,1
DA:102,1
DA:109,0
DA:115,1
DA:116,1
DA:119,1
DA:122,1
DA:123,1
DA:125,1
DA:126,1
DA:128,1
DA:129,0
DA:132,1
DA:133,1
DA:138,1
DA:139,1
DA:140,1
DA:143,1
DA:144,0
DA:147,1
DA:149,0
DA:156,1
DA:157,2
DA:158,2
DA:159,2
DA:161,4
DA:164,1
DA:165,1
DA:167,1
DA:168,1
DA:172,1
DA:173,2
DA:174,2
DA:175,2
DA:176,1
DA:178,1
DA:180,0
LF:77
LH:71
BRDA:24,0,0,1
BRDA:24,0,1,1
BRDA:36,1,0,1
BRDA:36,1,1,1
BRDA:77,2,0,1
BRDA:77,2,1,0
BRDA:87,3,0,1
BRDA:87,3,1,1
BRDA:88,4,0,1
BRDA:88,4,1,1
BRDA:128,5,0,0
BRDA:128,5,1,1
BRDA:128,6,0,1
BRDA:128,6,1,1
BRDA:143,7,0,0
BRDA:143,7,1,1
BRDA:175,8,0,1
BRDA:175,8,1,1
BRF:18
BRH:15
end_of_record
TN:
SF:src/models/model.js
FNF:0
FNH:0
DA:1,1
DA:2,1
DA:4,1
DA:33,1
DA:50,1
DA:58,1
DA:59,1
DA:61,1
DA:62,1
DA:64,1
LF:10
LH:10
BRF:0
BRH:0
end_of_record
TN:
SF:src/routes/routes.js
FNF:0
FNH:0
DA:1,1
DA:2,1
DA:3,1
DA:7,1
DA:8,1
DA:11,1
DA:12,1
DA:13,1
DA:16,1
DA:17,1
DA:18,1
DA:20,1
DA:21,1
DA:22,1
DA:23,1
DA:24,1
DA:30,1
LF:17
LH:17
BRF:0
BRH:0
end_of_record
